
455 setLisence
455 Inser called
455Insert true
455Not in error
455 setLisence
455 Inser called
455Insert true
455Not in error
455 setLisence
455 Inser called
455Insert true
455Not in error
455User info updated
416317 setLisence
416317 Inser called
416317Insert true
416317Not in error
416317User info updated
302040 setLisence
302040 Inser called
302040Insert true
302040Not in error
302040User info updated
474444 setLisence
474444 Inser called
474444Insert true
474444Not in error
474444User info updated
472413 setLisence
472413 Inser called
472413Insert true
472413Not in error
472413User info updated
478765 setLisence
478765 Inser called
478765Insert true
478765Not in error
478765User info updated
319124 setLisence
319124 Inser called
319124Insert true
319124Not in error
319124User info updated
466974 setLisence
466974 Inser called
466974Insert true
466974Not in error
466974User info updated
488139 setLisence
488139 Inser called
488139Insert true
488139Not in error
488139User info updated
484088 setLisence
484088 Inser called
484088Insert true
484088Not in error
484088User info updated
315272 setLisence
315272 Inser called
315272Insert true
315272Not in error
315272User info updated
321756 setLisence
321756 Inser called
321756Insert true
321756Not in error
321756User info updated
315272 setLisence
315272 Inser called
315272Insert true
315272Not in error
315272User info updated
481188 setLisence
481188 Inser called
481188Insert true
481188Not in error
481188User info updated
384275 setLisence
384275 Inser called
384275Insert true
384275Not in error
384275User info updated
414505 setLisence
414505 Inser called
414505Insert true
414505Not in error
414505User info updated
183327 setLisence
183327 Inser called
183327Insert true
183327Not in error
183327User info updated
470093 setLisence
470093 Inser called
470093Insert true
470093Not in error
470093User info updated
492448 setLisence
492448 Inser called
492448Insert true
492448Not in error
492448User info updated
478900 setLisence
478900 Inser called
478900Insert true
478900Not in error
478900User info updated
315272 setLisence
315272 Inser called
315272Insert true
315272Not in error
315272User info updated
321396 setLisence
321396 Inser called
321396Insert true
321396Not in error
321396User info updated
413013 setLisence
413013 Inser called
413013Insert true
413013Not in error
413013User info updated
346597 setLisence
346597 Inser called
346597Insert true
346597Not in error
346597User info updated
346597 setLisence
346597 Inser called
346597Insert true
346597Not in error
346597User info updated
492821 setLisence
492821 Inser called
492821Insert true
492821Not in error
492821User info updated
473679 setLisence
473679 Inser called
473679Insert true
473679Not in error
473679User info updated
384275 setLisence
384275 Inser called
384275Insert true
384275Not in error
384275User info updated
491892 setLisence
491892 Inser called
491892Insert true
491892Not in error
491892User info updated
283264 setLisence
283264 Inser called
283264Insert true
283264Not in error
283264User info updated
25929 setLisence
25929 Inser called
25929Insert true
25929Not in error
25929User info updated
354944 setLisence
354944 Inser called
354944Insert true
354944Not in error
354944User info updated
491316 setLisence
491316 Inser called
491316Insert true
491316Not in error
491316User info updated
446950 setLisence
446950 Inser called
446950Insert true
446950Not in error
446950User info updated
454 setLisence
454 Inser called
454Insert true
454Not in error
483915 setLisence
483915 Inser called
483915Insert true
483915Not in error
483915User info updated
483915 setLisence
483915 Inser called
483915Insert true
483915Not in error
483915User info updated
474444 setLisence
474444 Inser called
474444Insert true
474444Not in error
474444User info updated
113341 setLisence
113341 Inser called
113341Insert true
113341Not in error
113341User info updated
144809 setLisence
144809 Inser called
144809Insert true
144809Not in error
144809User info updated
498180 setLisence
498180 Inser called
498180Insert true
498180Not in error
498180User info updated
454 setLisence
454 Inser called
454Insert true
454Not in error
454 setLisence
454 Inser called
454Insert true
454Not in error
454User info updated
260907 setLisence
260907 Inser called
260907Insert true
260907Not in error
260907User info updated
225831 setLisence
225831 Inser called
225831Insert true
225831Not in error
225831User info updated
260907 setLisence
260907 Inser called
260907Insert true
260907Not in error
260907User info updated
68185 setLisence
68185 Inser called
68185Insert true
68185Not in error
68185User info updated
241370 setLisence
241370 Inser called
241370Insert true
241370Not in error
241370User info updated
485302 setLisence
485302 Inser called
485302Insert true
485302Not in error
485302User info updated
65266 setLisence
65266 Inser called
65266Insert true
65266Not in error
65266User info updated
366485 setLisence
366485 Inser called
366485Insert true
366485Not in error
366485User info updated
249191 setLisence
249191 Inser called
249191Insert true
249191Not in error
249191User info updated
502905 setLisence
502905 Inser called
502905Insert true
502905Not in error
502905User info updated
154823 setLisence
154823 Inser called
154823Insert true
154823Not in error
154823User info updated
154823 setLisence
154823 Inser called
154823Insert true
154823Not in error
154823User info updated
502905 setLisence
502905 Inser called
502905Insert true
502905Not in error
502905User info updated
502905 setLisence
502905 Inser called
502905Insert true
502905Not in error
502905User info updated
241370 setLisence
241370 Inser called
241370Insert true
241370Not in error
241370User info updated
503937 setLisence
503937 Inser called
503937Insert true
503937Not in error
503937User info updated
260907 setLisence
260907 Inser called
260907Insert true
260907Not in error
260907User info updated
65266 setLisence
65266 Inser called
65266Insert true
65266Not in error
65266User info updated
82534 setLisence
82534 Inser called
82534Insert true
82534Not in error
82534User info updated
478399 setLisence
478399 Inser called
478399Insert true
478399Not in error
478399User info updated
247231 setLisence
247231 Inser called
247231Insert true
247231Not in error
247231User info updated
68185 setLisence
68185 Inser called
68185Insert true
68185Not in error
68185User info updated
506465 setLisence
506465 Inser called
506465Insert true
506465Not in error
506465User info updated
425084 setLisence
425084 Inser called
425084Insert true
425084Not in error
425084User info updated
14837 setLisence
14837 Inser called
14837Insert true
14837Not in error
14837User info updated
508288 setLisence
508288 Inser called
508288Insert true
508288Not in error
508288User info updated
263717 setLisence
263717 Inser called
263717Insert true
263717Not in error
263717User info updated
493880 setLisence
493880 Inser called
493880Insert true
493880Not in error
493880User info updated
402574 setLisence
402574 Inser called
402574Insert true
402574Not in error
402574User info updated
492833 setLisence
492833 Inser called
492833Insert true
492833Not in error
492833User info updated
357405 setLisence
357405 Inser called
357405Insert true
357405Not in error
357405User info updated
109348 setLisence
109348 Inser called
109348Insert true
109348Not in error
109348User info updated
98471 setLisence
98471 Inser called
98471Insert true
98471Not in error
98471User info updated
109348 setLisence
109348 Inser called
109348Insert true
109348Not in error
109348User info updated
263717 setLisence
263717 Inser called
263717Insert true
263717Not in error
263717User info updated
241370 setLisence
241370 Inser called
241370Insert true
241370Not in error
241370User info updated
316907 setLisence
316907 Inser called
316907Insert true
316907Not in error
316907User info updated
494771 setLisence
494771 Inser called
494771Insert true
494771Not in error
494771User info updated
162029 setLisence
162029 Inser called
162029Insert true
162029Not in error
162029User info updated
446950 setLisence
446950 Inser called
446950Insert true
446950Not in error
446950User info updated
482147 setLisence
482147 Inser called
482147Insert true
482147Not in error
482147User info updated
99505 setLisence
99505 Inser called
99505Insert true
99505Not in error
99505User info updated
274378 setLisence
274378 Inser called
274378Insert true
274378Not in error
274378User info updated
274378 setLisence
274378 Inser called
274378Insert true
274378Not in error
274378User info updated
511120 setLisence
511120 Inser called
511120Insert true
511120Not in error
511120User info updated
506777 setLisence
506777 Inser called
506777Insert true
506777Not in error
506777User info updated
506777 setLisence
506777 Inser called
506777Insert true
506777Not in error
506777User info updated
52298 setLisence
52298 Inser called
52298Insert true
52298Not in error
52298User info updated
499125 setLisence
499125 Inser called
499125Insert true
499125Not in error
499125User info updated
348350 setLisence
348350 Inser called
348350Insert true
348350Not in error
348350User info updated
507576 setLisence
507576 Inser called
507576Insert true
507576Not in error
507576User info updated
512933 setLisence
512933 Inser called
512933Insert true
512933Not in error
512933User info updated
506777 setLisence
506777 Inser called
506777Insert true
506777Not in error
506777User info updated
438225 setLisence
438225 Inser called
438225Insert true
438225Not in error
438225User info updated
495385 setLisence
495385 Inser called
495385Insert true
495385Not in error
495385User info updated
191584 setLisence
191584 Inser called
191584Insert true
191584Not in error
191584User info updated
415047 setLisence
415047 Inser called
415047Insert true
415047Not in error
415047User info updated
505509 setLisence
505509 Inser called
505509Insert true
505509Not in error
505509User info updated
483300 setLisence
483300 Inser called
483300Insert true
483300Not in error
483300User info updated
413948 setLisence
413948 Inser called
413948Insert true
413948Not in error
413948User info updated
39382 setLisence
39382 Inser called
39382Insert true
39382Not in error
39382User info updated
332195 setLisence
332195 Inser called
332195Insert true
332195Not in error
332195User info updated
332195 setLisence
332195 Inser called
332195Insert true
332195Not in error
332195User info updated
236354 setLisence
236354 Inser called
236354Insert true
236354Not in error
236354User info updated
73389 setLisence
73389 Inser called
73389Insert true
73389Not in error
73389User info updated
295663 setLisence
295663 Inser called
295663Insert true
295663Not in error
295663User info updated
366485 setLisence
366485 Inser called
366485Insert true
366485Not in error
366485User info updated
366485 setLisence
366485 Inser called
366485Insert true
366485Not in error
366485User info updated
366485 setLisence
366485 Inser called
366485Insert true
366485Not in error
366485User info updated
474072 setLisence
474072 Inser called
474072Insert true
474072Not in error
474072User info updated
412552 setLisence
412552 Inser called
412552Insert true
412552Not in error
412552User info updated
517984 setLisence
517984 Inser called
517984Insert true
517984Not in error
517984User info updated
517984 setLisence
517984 Inser called
517984Insert true
517984Not in error
517984User info updated
517984 setLisence
517984 Inser called
517984Insert true
517984Not in error
517984User info updated
73389 setLisence
73389 Inser called
73389Insert true
73389Not in error
73389User info updated
402052 setLisence
402052 Inser called
402052Insert true
402052Not in error
402052User info updated
292494 setLisence
292494 Inser called
292494Insert true
292494Not in error
292494User info updated
413948 setLisence
413948 Inser called
413948Insert true
413948Not in error
413948User info updated
413948 setLisence
413948 Inser called
413948Insert true
413948Not in error
413948User info updated
213210 setLisence
213210 Inser called
213210Insert true
213210Not in error
213210User info updated
392087 setLisence
392087 Inser called
392087Insert true
392087Not in error
392087User info updated
503756 setLisence
503756 Inser called
503756Insert true
503756Not in error
503756User info updated
508537 setLisence
508537 Inser called
508537Insert true
508537Not in error
508537User info updated
485043 setLisence
485043 Inser called
485043Insert true
485043Not in error
485043User info updated
520767 setLisence
520767 Inser called
520767Insert true
520767Not in error
520767User info updated
451990 setLisence
451990 Inser called
451990Insert true
451990Not in error
451990User info updated
517953 setLisence
517953 Inser called
517953Insert true
517953Not in error
517953User info updated
9826 setLisence
9826 Inser called
9826Insert true
9826Not in error
9826User info updated
410307 setLisence
410307 Inser called
410307Insert true
410307Not in error
410307User info updated
28273 setLisence
28273 Inser called
28273Insert true
28273Not in error
28273User info updated
521030 setLisence
521030 Inser called
521030Insert true
521030Not in error
521030User info updated
521208 setLisence
521208 Inser called
521208Insert true
521208Not in error
521208User info updated
266678 setLisence
266678 Inser called
266678Insert true
266678Not in error
266678User info updated
509475 setLisence
509475 Inser called
509475Insert true
509475Not in error
509475User info updated
510683 setLisence
510683 Inser called
510683Insert true
510683Not in error
510683User info updated
334225 setLisence
334225 Inser called
334225Insert true
334225Not in error
334225User info updated
480014 setLisence
480014 Inser called
480014Insert true
480014Not in error
480014User info updated
442542 setLisence
442542 Inser called
442542Insert true
442542Not in error
442542User info updated
353936 setLisence
353936 Inser called
353936Insert true
353936Not in error
353936User info updated
521208 setLisence
521208 Inser called
521208Insert true
521208Not in error
521208User info updated
353936 setLisence
353936 Inser called
353936Insert true
353936Not in error
353936User info updated
353936 setLisence
353936 Inser called
353936Insert true
353936Not in error
353936User info updated
174160 setLisence
174160 Inser called
174160Insert true
174160Not in error
174160User info updated
441658 setLisence
441658 Inser called
441658Insert true
441658Not in error
441658User info updated
521208 setLisence
521208 Inser called
521208Insert true
521208Not in error
521208User info updated
496161 setLisence
496161 Inser called
496161Insert true
496161Not in error
496161User info updated
371644 setLisence
371644 Inser called
371644Insert true
371644Not in error
371644User info updated
481709 setLisence
481709 Inser called
481709Insert true
481709Not in error
481709User info updated
509798 setLisence
509798 Inser called
509798Insert true
509798Not in error
509798User info updated
380075 setLisence
380075 Inser called
380075Insert true
380075Not in error
380075User info updated
380075 setLisence
380075 Inser called
380075Insert true
380075Not in error
380075User info updated
278097 setLisence
278097 Inser called
278097Insert true
278097Not in error
278097User info updated
220096 setLisence
220096 Inser called
220096Insert true
220096Not in error
220096User info updated
464513 setLisence
464513 Inser called
464513Insert true
464513Not in error
464513User info updated
340716 setLisence
340716 Inser called
340716Insert true
340716Not in error
340716User info updated
336010 setLisence
336010 Inser called
336010Insert true
336010Not in error
336010User info updated
187427 setLisence
187427 Inser called
187427Insert true
187427Not in error
187427User info updated
521201 setLisence
521201 Inser called
521201Insert true
521201Not in error
521201User info updated
521201 setLisence
521201 Inser called
521201Insert true
521201Not in error
521201User info updated
529205 setLisence
529205 Inser called
529205Insert true
529205Not in error
529205User info updated
529205 setLisence
529205 Inser called
529205Insert true
529205Not in error
529205User info updated
380075 setLisence
380075 Inser called
380075Insert true
380075Not in error
380075User info updated
312502 setLisence
312502 Inser called
312502Insert true
312502Not in error
312502User info updated
425833 setLisence
425833 Inser called
425833Insert true
425833Not in error
425833User info updated
529889 setLisence
529889 Inser called
529889Insert true
529889Not in error
529889User info updated
336764 setLisence
336764 Inser called
336764Insert true
336764Not in error
336764User info updated
303940 setLisence
303940 Inser called
303940Insert true
303940Not in error
303940User info updated
529904 setLisence
529904 Inser called
529904Insert true
529904Not in error
529904User info updated
9747 setLisence
9747 Inser called
9747Insert true
9747Not in error
9747User info updated
187427 setLisence
187427 Inser called
187427Insert true
187427Not in error
187427User info updated
103446 setLisence
103446 Inser called
103446Insert true
103446Not in error
103446User info updated
316907 setLisence
316907 Inser called
316907Insert true
316907Not in error
316907User info updated
335870 setLisence
335870 Inser called
335870Insert true
335870Not in error
335870User info updated
533148 setLisence
533148 Inser called
533148Insert true
533148Not in error
533148User info updated
253868 setLisence
253868 Inser called
253868Insert true
253868Not in error
253868User info updated
526901 setLisence
526901 Inser called
526901Insert true
526901Not in error
526901User info updated
492077 setLisence
492077 Inser called
492077Insert true
492077Not in error
492077User info updated
532398 setLisence
532398 Inser called
532398Insert true
532398Not in error
532398User info updated
534353 setLisence
534353 Inser called
534353Insert true
534353Not in error
534353User info updated
175007 setLisence
175007 Inser called
175007Insert true
175007Not in error
175007User info updated
498187 setLisence
498187 Inser called
498187Insert true
498187Not in error
498187User info updated
342907 setLisence
342907 Inser called
342907Insert true
342907Not in error
342907User info updated
534843 setLisence
534843 Inser called
534843Insert true
534843Not in error
534843User info updated
534843 setLisence
534843 Inser called
534843Insert true
534843Not in error
534843User info updated
186604 setLisence
186604 Inser called
186604Insert true
186604Not in error
186604User info updated
535435 setLisence
535435 Inser called
535435Insert true
535435Not in error
535435User info updated
472413 setLisence
472413 Inser called
472413Insert true
472413Not in error
472413User info updated
472413 setLisence
472413 Inser called
472413Insert true
472413Not in error
472413User info updated
515689 setLisence
515689 Inser called
515689Insert true
515689Not in error
515689User info updated
472413 setLisence
472413 Inser called
472413Insert true
472413Not in error
472413User info updated
153401 setLisence
153401 Inser called
153401Insert true
153401Not in error
153401User info updated
535435 setLisence
535435 Inser called
535435Insert true
535435Not in error
535435User info updated
525316 setLisence
525316 Inser called
525316Insert true
525316Not in error
525316User info updated
528074 setLisence
528074 Inser called
528074Insert true
528074Not in error
528074User info updated
537620 setLisence
537620 Inser called
537620Insert true
537620Not in error
537620User info updated
529061 setLisence
529061 Inser called
529061Insert true
529061Not in error
529061User info updated
242874 setLisence
242874 Inser called
242874Insert true
242874Not in error
242874User info updated
314258 setLisence
314258 Inser called
314258Insert true
314258Not in error
314258User info updated
528900 setLisence
528900 Inser called
528900Insert true
528900Not in error
528900User info updated
318067 setLisence
318067 Inser called
318067Insert true
318067Not in error
318067User info updated
484893 setLisence
484893 Inser called
484893Insert true
484893Not in error
484893User info updated
322676 setLisence
322676 Inser called
322676Insert true
322676Not in error
322676User info updated
242874 setLisence
242874 Inser called
242874Insert true
242874Not in error
242874User info updated
540092 setLisence
540092 Inser called
540092Insert true
540092Not in error
540092User info updated
540092 setLisence
540092 Inser called
540092Insert true
540092Not in error
540092User info updated
533053 setLisence
533053 Inser called
533053Insert true
533053Not in error
533053User info updated
156965 setLisence
156965 Inser called
156965Insert true
156965Not in error
156965User info updated
124818 setLisence
124818 Inser called
124818Insert true
124818Not in error
124818User info updated
328892 setLisence
328892 Inser called
328892Insert true
328892Not in error
328892User info updated
539076 setLisence
539076 Inser called
539076Insert true
539076Not in error
539076User info updated
508537 setLisence
508537 Inser called
508537Insert true
508537Not in error
508537User info updated
508537 setLisence
508537 Inser called
508537Insert true
508537Not in error
508537User info updated
531192 setLisence
531192 Inser called
531192Insert true
531192Not in error
531192User info updated
344992 setLisence
344992 Inser called
344992Insert true
344992Not in error
344992User info updated
531756 setLisence
531756 Inser called
531756Insert true
531756Not in error
531756User info updated
528900 setLisence
528900 Inser called
528900Insert true
528900Not in error
528900User info updated
107416 setLisence
107416 Inser called
107416Insert true
107416Not in error
107416User info updated
342907 setLisence
342907 Inser called
342907Insert true
342907Not in error
342907User info updated
319447 setLisence
319447 Inser called
319447Insert true
319447Not in error
319447User info updated
358475 setLisence
358475 Inser called
358475Insert true
358475Not in error
358475User info updated
448386 setLisence
448386 Inser called
448386Insert true
448386Not in error
448386User info updated
107416 setLisence
107416 Inser called
107416Insert true
107416Not in error
107416User info updated
515689 setLisence
515689 Inser called
515689Insert true
515689Not in error
515689User info updated
139639 setLisence
139639 Inser called
139639Insert true
139639Not in error
139639User info updated
242874 setLisence
242874 Inser called
242874Insert true
242874Not in error
242874User info updated
107416 setLisence
107416 Inser called
107416Insert true
107416Not in error
107416User info updated
348072 setLisence
348072 Inser called
348072Insert true
348072Not in error
348072User info updated
160154 setLisence
160154 Inser called
160154Insert true
160154Not in error
160154User info updated
70351 setLisence
70351 Inser called
70351Insert true
70351Not in error
70351User info updated
242874 setLisence
242874 Inser called
242874Insert true
242874Not in error
242874User info updated
487214 setLisence
487214 Inser called
487214Insert true
487214Not in error
487214User info updated
533041 setLisence
533041 Inser called
533041Insert true
533041Not in error
533041User info updated
535520 setLisence
535520 Inser called
535520Insert true
535520Not in error
535520User info updated
139639 setLisence
139639 Inser called
139639Insert true
139639Not in error
139639User info updated
306691 setLisence
306691 Inser called
306691Insert true
306691Not in error
306691User info updated
529904 setLisence
529904 Inser called
529904Insert true
529904Not in error
529904User info updated
443387 setLisence
443387 Inser called
443387Insert true
443387Not in error
443387User info updated
146891 setLisence
146891 Inser called
146891Insert true
146891Not in error
146891User info updated
271467 setLisence
271467 Inser called
271467Insert true
271467Not in error
271467User info updated
549457 setLisence
549457 Inser called
549457Insert true
549457Not in error
549457User info updated
517247 setLisence
517247 Inser called
517247Insert true
517247Not in error
517247User info updated
444713 setLisence
444713 Inser called
444713Insert true
444713Not in error
444713User info updated
545666 setLisence
545666 Inser called
545666Insert true
545666Not in error
545666User info updated
545666 setLisence
545666 Inser called
545666Insert true
545666Not in error
545666User info updated
535501 setLisence
535501 Inser called
535501Insert true
535501Not in error
535501User info updated
535501 setLisence
535501 Inser called
535501Insert true
535501Not in error
535501User info updated
446950 setLisence
446950 Inser called
446950Insert true
446950Not in error
446950User info updated
521925 setLisence
521925 Inser called
521925Insert true
521925Not in error
521925User info updated
136114 setLisence
136114 Inser called
136114Insert true
136114Not in error
136114User info updated
543662 setLisence
543662 Inser called
543662Insert true
543662Not in error
543662User info updated
546751 setLisence
546751 Inser called
546751Insert true
546751Not in error
546751User info updated
535501 setLisence
535501 Inser called
535501Insert true
535501Not in error
535501User info updated
455109 setLisence
455109 Inser called
455109Insert true
455109Not in error
455109User info updated
455109 setLisence
455109 Inser called
455109Insert true
455109Not in error
455109User info updated
551529 setLisence
551529 Inser called
551529Insert true
551529Not in error
551529User info updated
70351 setLisence
70351 Inser called
70351Insert true
70351Not in error
70351User info updated
435417 setLisence
435417 Inser called
435417Insert true
435417Not in error
435417User info updated
435417 setLisence
435417 Inser called
435417Insert true
435417Not in error
435417User info updated
546262 setLisence
546262 Inser called
546262Insert true
546262Not in error
546262User info updated
229769 setLisence
229769 Inser called
229769Insert true
229769Not in error
229769User info updated
17888 setLisence
17888 Inser called
17888Insert true
17888Not in error
17888User info updated
150811 setLisence
150811 Inser called
150811Insert true
150811Not in error
150811User info updated
461001 setLisence
461001 Inser called
461001Insert true
461001Not in error
461001User info updated
461001 setLisence
461001 Inser called
461001Insert true
461001Not in error
461001User info updated
556269 setLisence
556269 Inser called
556269Insert true
556269Not in error
556269User info updated
534699 setLisence
534699 Inser called
534699Insert true
534699Not in error
534699User info updated
557026 setLisence
557026 Inser called
557026Insert true
557026Not in error
557026User info updated
110029 setLisence
110029 Inser called
110029Insert true
110029Not in error
110029User info updated
30322 setLisence
30322 Inser called
30322Insert true
30322Not in error
30322User info updated
546751 setLisence
546751 Inser called
546751Insert true
546751Not in error
546751User info updated
558144 setLisence
558144 Inser called
558144Insert true
558144Not in error
558144User info updated
489934 setLisence
489934 Inser called
489934Insert true
489934Not in error
489934User info updated
568297 setLisence
568297 Inser called
568297Insert true
568297Not in error
568297User info updated
543994 setLisence
543994 Inser called
543994Insert true
543994Not in error
543994User info updated
348072 setLisence
348072 Inser called
348072Insert true
348072Not in error
348072User info updated
474356 setLisence
474356 Inser called
474356Insert true
474356Not in error
474356User info updated
570391 setLisence
570391 Inser called
570391Insert true
570391Not in error
570391User info updated
546751 setLisence
546751 Inser called
546751Insert true
546751Not in error
546751User info updated
444713 setLisence
444713 Inser called
444713Insert true
444713Not in error
444713User info updated
566734 setLisence
566734 Inser called
566734Insert true
566734Not in error
566734User info updated
543074 setLisence
543074 Inser called
543074Insert true
543074Not in error
543074User info updated
571054 setLisence
571054 Inser called
571054Insert true
571054Not in error
571054User info updated
572772 setLisence
572772 Inser called
572772Insert true
572772Not in error
572772User info updated
570729 setLisence
570729 Inser called
570729Insert true
570729Not in error
570729User info updated
387339 setLisence
387339 Inser called
387339Insert true
387339Not in error
387339User info updated
534442 setLisence
534442 Inser called
534442Insert true
534442Not in error
534442User info updated
387339 setLisence
387339 Inser called
387339Insert true
387339Not in error
387339User info updated
174063 setLisence
174063 Inser called
174063Insert true
174063Not in error
174063User info updated
174063 setLisence
174063 Inser called
174063Insert true
174063Not in error
174063User info updated
25742 setLisence
25742 Inser called
25742Insert true
25742Not in error
25742User info updated
533467 setLisence
533467 Inser called
533467Insert true
533467Not in error
533467User info updated
571053 setLisence
571053 Inser called
571053Insert true
571053Not in error
571053User info updated
413266 setLisence
413266 Inser called
413266Insert true
413266Not in error
413266User info updated
203294 setLisence
203294 Inser called
203294Insert true
203294Not in error
203294User info updated
571054 setLisence
571054 Inser called
571054Insert true
571054Not in error
571054User info updated
413266 setLisence
413266 Inser called
413266Insert true
413266Not in error
413266User info updated
554611 setLisence
554611 Inser called
554611Insert true
554611Not in error
554611User info updated
337850 setLisence
337850 Inser called
337850Insert true
337850Not in error
337850User info updated
337850 setLisence
337850 Inser called
337850Insert true
337850Not in error
337850User info updated
571054 setLisence
571054 Inser called
571054Insert true
571054Not in error
571054User info updated
523281 setLisence
523281 Inser called
523281Insert true
523281Not in error
523281User info updated
552268 setLisence
552268 Inser called
552268Insert true
552268Not in error
552268User info updated
494883 setLisence
494883 Inser called
494883Insert true
494883Not in error
494883User info updated
280037 setLisence
280037 Inser called
280037Insert true
280037Not in error
280037User info updated
283390 setLisence
283390 Inser called
283390Insert true
283390Not in error
283390User info updated
552268 setLisence
552268 Inser called
552268Insert true
552268Not in error
552268User info updated
523281 setLisence
523281 Inser called
523281Insert true
523281Not in error
523281User info updated
494883 setLisence
494883 Inser called
494883Insert true
494883Not in error
494883User info updated
494883 setLisence
494883 Inser called
494883Insert true
494883Not in error
494883User info updated
612480 setLisence
612480 Inser called
612480Insert true
612480Not in error
612480User info updated
480756 setLisence
480756 Inser called
480756Insert true
480756Not in error
480756User info updated
480756 setLisence
480756 Inser called
480756Insert true
480756Not in error
480756User info updated
585465 setLisence
585465 Inser called
585465Insert true
585465Not in error
585465User info updated
425224 setLisence
425224 Inser called
425224Insert true
425224Not in error
425224User info updated
622867 setLisence
622867 Inser called
622867Insert true
622867Not in error
622867User info updated
273067 setLisence
273067 Inser called
273067Insert true
273067Not in error
273067User info updated
273067 setLisence
273067 Inser called
273067Insert true
273067Not in error
273067User info updated
305156 setLisence
305156 Inser called
305156Insert true
305156Not in error
305156User info updated
621203 setLisence
621203 Inser called
621203Insert true
621203Not in error
621203User info updated
20526 setLisence
20526 Inser called
20526Insert true
20526Not in error
20526User info updated
480756 setLisence
480756 Inser called
480756Insert true
480756Not in error
480756User info updated
596670 setLisence
596670 Inser called
596670Insert true
596670Not in error
596670User info updated
543994 setLisence
543994 Inser called
543994Insert true
543994Not in error
543994User info updated
575781 setLisence
575781 Inser called
575781Insert true
575781Not in error
575781User info updated
588782 setLisence
588782 Inser called
588782Insert true
588782Not in error
588782User info updated
630817 setLisence
630817 Inser called
630817Insert true
630817Not in error
630817User info updated
188252 setLisence
188252 Inser called
188252Insert true
188252Not in error
188252User info updated
582331 setLisence
582331 Inser called
582331Insert true
582331Not in error
582331User info updated
25742 setLisence
25742 Inser called
25742Insert true
25742Not in error
25742User info updated
25742 setLisence
25742 Inser called
25742Insert true
25742Not in error
25742User info updated
543994 setLisence
543994 Inser called
543994Insert true
543994Not in error
543994User info updated
548574 setLisence
548574 Inser called
548574Insert true
548574Not in error
548574User info updated
548574 setLisence
548574 Inser called
548574Insert true
548574Not in error
548574User info updated
548574 setLisence
548574 Inser called
548574Insert true
548574Not in error
548574User info updated
626974 setLisence
626974 Inser called
626974Insert true
626974Not in error
626974User info updated
54672 setLisence
54672 Inser called
54672Insert true
54672Not in error
54672User info updated
626974 setLisence
626974 Inser called
626974Insert true
626974Not in error
626974User info updated
637571 setLisence
637571 Inser called
637571Insert true
637571Not in error
637571User info updated
622352 setLisence
622352 Inser called
622352Insert true
622352Not in error
622352User info updated
310041 setLisence
310041 Inser called
310041Insert true
310041Not in error
310041User info updated
650338 setLisence
650338 Inser called
650338Insert true
650338Not in error
650338User info updated
650338 setLisence
650338 Inser called
650338Insert true
650338Not in error
650338User info updated
555007 setLisence
555007 Inser called
555007Insert true
555007Not in error
555007User info updated
543994 setLisence
543994 Inser called
543994Insert true
543994Not in error
543994User info updated
648615 setLisence
648615 Inser called
648615Insert true
648615Not in error
648615User info updated
648615 setLisence
648615 Inser called
648615Insert true
648615Not in error
648615User info updated
637392 setLisence
637392 Inser called
637392Insert true
637392Not in error
637392User info updated
523872 setLisence
523872 Inser called
523872Insert true
523872Not in error
523872User info updated
502940 setLisence
502940 Inser called
502940Insert true
502940Not in error
502940User info updated
635902 setLisence
635902 Inser called
635902Insert true
635902Not in error
635902User info updated
619670 setLisence
619670 Inser called
619670Insert true
619670Not in error
619670User info updated
464513 setLisence
464513 Inser called
464513Insert true
464513Not in error
464513User info updated
124818 setLisence
124818 Inser called
124818Insert true
124818Not in error
124818User info updated
124818 setLisence
124818 Inser called
124818Insert true
124818Not in error
124818User info updated
647853 setLisence
647853 Inser called
647853Insert true
647853Not in error
647853User info updated
545219 setLisence
545219 Inser called
545219Insert true
545219Not in error
545219User info updated
49286 setLisence
49286 Inser called
49286Insert true
49286Not in error
49286User info updated
654424 setLisence
654424 Inser called
654424Insert true
654424Not in error
654424User info updated
531032 setLisence
531032 Inser called
531032Insert true
531032Not in error
531032User info updated
554410 setLisence
554410 Inser called
554410Insert true
554410Not in error
554410User info updated
656830 setLisence
656830 Inser called
656830Insert true
656830Not in error
656830User info updated
656830 setLisence
656830 Inser called
656830Insert true
656830Not in error
656830User info updated
657219 setLisence
657219 Inser called
657219Insert true
657219Not in error
657219User info updated
523281 setLisence
523281 Inser called
523281Insert true
523281Not in error
523281User info updated
216907 setLisence
216907 Inser called
216907Insert true
216907Not in error
216907User info updated
633261 setLisence
633261 Inser called
633261Insert true
633261Not in error
633261User info updated
529904 setLisence
529904 Inser called
529904Insert true
529904Not in error
529904User info updated
348072 setLisence
348072 Inser called
348072Insert true
348072Not in error
348072User info updated
602619 setLisence
602619 Inser called
602619Insert true
602619Not in error
602619User info updated
593659 setLisence
593659 Inser called
593659Insert true
593659Not in error
593659User info updated
277317 setLisence
277317 Inser called
277317Insert true
277317Not in error
277317User info updated
594283 setLisence
594283 Inser called
594283Insert true
594283Not in error
594283User info updated
638434 setLisence
638434 Inser called
638434Insert true
638434Not in error
638434User info updated
555007 setLisence
555007 Inser called
555007Insert true
555007Not in error
555007User info updated
594283 setLisence
594283 Inser called
594283Insert true
594283Not in error
594283User info updated
383800 setLisence
383800 Inser called
383800Insert true
383800Not in error
383800User info updated
315251 setLisence
315251 Inser called
315251Insert true
315251Not in error
315251User info updated
271467 setLisence
271467 Inser called
271467Insert true
271467Not in error
271467User info updated
206259 setLisence
206259 Inser called
206259Insert true
206259Not in error
206259User info updated
510283 setLisence
510283 Inser called
510283Insert true
510283Not in error
510283User info updated
510283 setLisence
510283 Inser called
510283Insert true
510283Not in error
510283User info updated
101964 setLisence
101964 Inser called
101964Insert true
101964Not in error
101964User info updated
572978 setLisence
572978 Inser called
572978Insert true
572978Not in error
572978User info updated
546262 setLisence
546262 Inser called
546262Insert true
546262Not in error
546262User info updated
480333 setLisence
480333 Inser called
480333Insert true
480333Not in error
480333User info updated
60679 setLisence
60679 Inser called
60679Insert true
60679Not in error
60679User info updated
552268 setLisence
552268 Inser called
552268Insert true
552268Not in error
552268User info updated
556548 setLisence
556548 Inser called
556548Insert true
556548Not in error
556548User info updated
530573 setLisence
530573 Inser called
530573Insert true
530573Not in error
530573User info updated
672653 setLisence
672653 Inser called
672653Insert true
672653Not in error
672653User info updated
646254 setLisence
646254 Inser called
646254Insert true
646254Not in error
646254User info updated
641368 setLisence
641368 Inser called
641368Insert true
641368Not in error
641368User info updated
671389 setLisence
671389 Inser called
671389Insert true
671389Not in error
671389User info updated
661458 setLisence
661458 Inser called
661458Insert true
661458Not in error
661458User info updated
577782 setLisence
577782 Inser called
577782Insert true
577782Not in error
577782User info updated
675183 setLisence
675183 Inser called
675183Insert true
675183Not in error
675183User info updated
665377 setLisence
665377 Inser called
665377Insert true
665377Not in error
665377User info updated
665377 setLisence
665377 Inser called
665377Insert true
665377Not in error
665377User info updated
676005 setLisence
676005 Inser called
676005Insert true
676005Not in error
676005User info updated
546262 setLisence
546262 Inser called
546262Insert true
546262Not in error
546262User info updated
531881 setLisence
531881 Inser called
531881Insert true
531881Not in error
531881User info updated
633261 setLisence
633261 Update callled
633261 Update true
633261Not in error
633261User info updated
507523 setLisence
507523 Inser called
507523Insert true
507523Not in error
507523User info updated
507523 setLisence
507523 Inser called
507523Insert true
507523Not in error
507523User info updated
60980 setLisence
60980 Inser called
60980Insert true
60980Not in error
60980User info updated
593659 setLisence
593659 Inser called
593659Insert true
593659Not in error
593659User info updated
560531 setLisence
560531 Inser called
560531Insert true
560531Not in error
560531User info updated
674671 setLisence
674671 Inser called
674671Insert true
674671Not in error
674671User info updated
584883 setLisence
584883 Inser called
584883Insert true
584883Not in error
584883User info updated
658620 setLisence
658620 Inser called
658620Insert true
658620Not in error
658620User info updated
682173 setLisence
682173 Inser called
682173Insert true
682173Not in error
682173User info updated
682173 setLisence
682173 Inser called
682173Insert true
682173Not in error
682173User info updated
656751 setLisence
656751 Inser called
656751Insert true
656751Not in error
656751User info updated
525549 setLisence
525549 Inser called
525549Insert true
525549Not in error
525549User info updated
271467 setLisence
271467 Inser called
271467Insert true
271467Not in error
271467User info updated
507748 setLisence
507748 Inser called
507748Insert true
507748Not in error
507748User info updated
667586 setLisence
667586 Inser called
667586Insert true
667586Not in error
667586User info updated
567106 setLisence
567106 Inser called
567106Insert true
567106Not in error
567106User info updated
507523 setLisence
507523 Inser called
507523Insert true
507523Not in error
507523User info updated
489837 setLisence
489837 Inser called
489837Insert true
489837Not in error
489837User info updated
168174 setLisence
168174 Inser called
168174Insert true
168174Not in error
168174User info updated
489837 setLisence
489837 Inser called
489837Insert true
489837Not in error
489837User info updated
630896 setLisence
630896 Inser called
630896Insert true
630896Not in error
630896User info updated
277317 setLisence
277317 Inser called
277317Insert true
277317Not in error
277317User info updated
535215 setLisence
535215 Inser called
535215Insert true
535215Not in error
535215User info updated
672390 setLisence
672390 Inser called
672390Insert true
672390Not in error
672390User info updated
671560 setLisence
671560 Inser called
671560Insert true
671560Not in error
671560User info updated
536833 setLisence
536833 Inser called
536833Insert true
536833Not in error
536833User info updated
657980 setLisence
657980 Inser called
657980Insert true
657980Not in error
657980User info updated
676123 setLisence
676123 Inser called
676123Insert true
676123Not in error
676123User info updated
572703 setLisence
572703 Inser called
572703Insert true
572703Not in error
572703User info updated
169500 setLisence
169500 Inser called
169500Insert true
169500Not in error
169500User info updated
169500 setLisence
169500 Inser called
169500Insert true
169500Not in error
169500User info updated
130350 setLisence
130350 Inser called
130350Insert true
130350Not in error
130350User info updated
130350 setLisence
130350 Inser called
130350Insert true
130350Not in error
130350User info updated
566926 setLisence
566926 Inser called
566926Insert true
566926Not in error
566926User info updated
536833 setLisence
536833 Inser called
536833Insert true
536833Not in error
536833User info updated
671560 setLisence
671560 Inser called
671560Insert true
671560Not in error
671560User info updated
676123 setLisence
676123 Inser called
676123Insert true
676123Not in error
676123User info updated
635154 setLisence
635154 Inser called
635154Insert true
635154Not in error
635154User info updated
457812 setLisence
457812 Inser called
457812Insert true
457812Not in error
457812User info updated
635154 setLisence
635154 Inser called
635154Insert true
635154Not in error
635154User info updated
652484 setLisence
652484 Inser called
652484Insert true
652484Not in error
652484User info updated
671560 setLisence
671560 Inser called
671560Insert true
671560Not in error
671560User info updated
665377 setLisence
665377 Inser called
665377Insert true
665377Not in error
665377User info updated
695931 setLisence
695931 Inser called
695931Insert true
695931Not in error
695931User info updated
149622 setLisence
149622 Inser called
149622Insert true
149622Not in error
149622User info updated
116870 setLisence
116870 Inser called
116870Insert true
116870Not in error
116870User info updated
681465 setLisence
681465 Inser called
681465Insert true
681465Not in error
681465User info updated
584883 setLisence
584883 Inser called
584883Insert true
584883Not in error
584883User info updated
296614 setLisence
296614 Inser called
296614Insert true
296614Not in error
296614User info updated
679575 setLisence
679575 Inser called
679575Insert true
679575Not in error
679575User info updated
589193 setLisence
589193 Inser called
589193Insert true
589193Not in error
589193User info updated
697674 setLisence
697674 Inser called
697674Insert true
697674Not in error
697674User info updated
697932 setLisence
697932 Inser called
697932Insert true
697932Not in error
697932User info updated
661458 setLisence
661458 Inser called
661458Insert true
661458Not in error
661458User info updated
697674 setLisence
697674 Inser called
697674Insert true
697674Not in error
697674User info updated
701000 setLisence
701000 Inser called
701000Insert true
701000Not in error
701000User info updated
695931 setLisence
695931 Inser called
695931Insert true
695931Not in error
695931User info updated
673240 setLisence
673240 Inser called
673240Insert true
673240Not in error
673240User info updated
535215 setLisence
535215 Inser called
535215Insert true
535215Not in error
535215User info updated
60565 setLisence
60565 Inser called
60565Insert true
60565Not in error
60565User info updated
690758 setLisence
690758 Inser called
690758Insert true
690758Not in error
690758User info updated
13639 setLisence
13639 Inser called
13639Insert true
13639Not in error
13639User info updated
667586 setLisence
667586 Inser called
667586Insert true
667586Not in error
667586User info updated
267291 setLisence
267291 Inser called
267291Insert true
267291Not in error
267291User info updated
693601 setLisence
693601 Inser called
693601Insert true
693601Not in error
693601User info updated
349514 setLisence
349514 Inser called
349514Insert true
349514Not in error
349514User info updated
525549 setLisence
525549 Inser called
525549Insert true
525549Not in error
525549User info updated
525549 setLisence
525549 Inser called
525549Insert true
525549Not in error
525549User info updated
683093 setLisence
683093 Inser called
683093Insert true
683093Not in error
683093User info updated
552644 setLisence
552644 Inser called
552644Insert true
552644Not in error
552644User info updated
425224 setLisence
425224 Inser called
425224Insert true
425224Not in error
425224User info updated
695886 setLisence
695886 Inser called
695886Insert true
695886Not in error
695886User info updated
553974 setLisence
553974 Inser called
553974Insert true
553974Not in error
553974User info updated
641613 setLisence
641613 Inser called
641613Insert true
641613Not in error
641613User info updated
428575 setLisence
428575 Inser called
428575Insert true
428575Not in error
428575User info updated
33245 setLisence
33245 Inser called
33245Insert true
33245Not in error
33245User info updated
534867 setLisence
534867 Inser called
534867Insert true
534867Not in error
534867User info updated
381315 setLisence
381315 Inser called
381315Insert true
381315Not in error
381315User info updated
708071 setLisence
708071 Inser called
708071Insert true
708071Not in error
708071User info updated
525549 setLisence
525549 Inser called
525549Insert true
525549Not in error
525549User info updated
176549 setLisence
176549 Inser called
176549Insert true
176549Not in error
176549User info updated
176549 setLisence
176549 Inser called
176549Insert true
176549Not in error
176549User info updated
685528 setLisence
685528 Inser called
685528Insert true
685528Not in error
685528User info updated
625554 setLisence
625554 Inser called
625554Insert true
625554Not in error
625554User info updated
271467 setLisence
271467 Inser called
271467Insert true
271467Not in error
271467User info updated
603714 setLisence
603714 Inser called
603714Insert true
603714Not in error
603714User info updated
603714 setLisence
603714 Inser called
603714Insert true
603714Not in error
603714User info updated
671560 setLisence
671560 Inser called
671560Insert true
671560Not in error
671560User info updated
531881 setLisence
531881 Inser called
531881Insert true
531881Not in error
531881User info updated
714987 setLisence
714987 Inser called
714987Insert true
714987Not in error
714987User info updated
714987 setLisence
714987 Inser called
714987Insert true
714987Not in error
714987User info updated
124818 setLisence
124818 Inser called
124818Insert true
124818Not in error
124818User info updated
625554 setLisence
625554 Inser called
625554Insert true
625554Not in error
625554User info updated
549859 setLisence
549859 Inser called
549859Insert true
549859Not in error
549859User info updated
572279 setLisence
572279 Inser called
572279Insert true
572279Not in error
572279User info updated
625554 setLisence
625554 Inser called
625554Insert true
625554Not in error
625554User info updated
717714 setLisence
717714 Inser called
717714Insert true
717714Not in error
717714User info updated
717714 setLisence
717714 Inser called
717714Insert true
717714Not in error
717714User info updated
719060 setLisence
719060 Inser called
719060Insert true
719060Not in error
719060User info updated